{"/Users/prakashagrahari/Desktop/workspace/e-notes/server/index.js": {"path":"/Users/prakashagrahari/Desktop/workspace/e-notes/server/index.js","statementMap":{"0":{"start":{"line":11,"column":12},"end":{"line":11,"column":21}},"1":{"start":{"line":12,"column":0},"end":{"line":12,"column":16}},"2":{"start":{"line":15,"column":20},"end":{"line":25,"column":1}},"3":{"start":{"line":27,"column":0},"end":{"line":27,"column":27}},"4":{"start":{"line":29,"column":0},"end":{"line":29,"column":60}},"5":{"start":{"line":30,"column":0},"end":{"line":30,"column":66}},"6":{"start":{"line":32,"column":0},"end":{"line":32,"column":47}},"7":{"start":{"line":33,"column":0},"end":{"line":33,"column":29}},"8":{"start":{"line":35,"column":13},"end":{"line":35,"column":37}},"9":{"start":{"line":37,"column":19},"end":{"line":37,"column":38}},"10":{"start":{"line":39,"column":0},"end":{"line":46,"column":74}},"11":{"start":{"line":45,"column":14},"end":{"line":45,"column":49}},"12":{"start":{"line":46,"column":20},"end":{"line":46,"column":72}},"13":{"start":{"line":50,"column":13},"end":{"line":50,"column":17}},"14":{"start":{"line":52,"column":0},"end":{"line":56,"column":1}},"15":{"start":{"line":53,"column":2},"end":{"line":55,"column":5}},"16":{"start":{"line":54,"column":4},"end":{"line":54,"column":53}}},"fnMap":{"0":{"name":"(anonymous_0)","decl":{"start":{"line":45,"column":8},"end":{"line":45,"column":9}},"loc":{"start":{"line":45,"column":14},"end":{"line":45,"column":49}},"line":45},"1":{"name":"(anonymous_1)","decl":{"start":{"line":46,"column":9},"end":{"line":46,"column":10}},"loc":{"start":{"line":46,"column":20},"end":{"line":46,"column":72}},"line":46},"2":{"name":"(anonymous_2)","decl":{"start":{"line":53,"column":28},"end":{"line":53,"column":29}},"loc":{"start":{"line":53,"column":34},"end":{"line":55,"column":3}},"line":53}},"branchMap":{"0":{"loc":{"start":{"line":35,"column":13},"end":{"line":35,"column":37}},"type":"binary-expr","locations":[{"start":{"line":35,"column":13},"end":{"line":35,"column":29}},{"start":{"line":35,"column":33},"end":{"line":35,"column":37}}],"line":35},"1":{"loc":{"start":{"line":52,"column":0},"end":{"line":56,"column":1}},"type":"if","locations":[{"start":{"line":52,"column":0},"end":{"line":56,"column":1}},{"start":{},"end":{}}],"line":52}},"s":{"0":1,"1":1,"2":1,"3":1,"4":1,"5":1,"6":1,"7":1,"8":1,"9":1,"10":1,"11":1,"12":0,"13":1,"14":1,"15":0,"16":0},"f":{"0":1,"1":0,"2":0},"b":{"0":[1,0],"1":[0,1]},"inputSourceMap":null,"_coverageSchema":"1a1c01bbd47fc00a2c39e90264f33305004495a9","hash":"dfd38f7cf09ccf9a1a2d2d503a77d2bd1553c4f4"}
,"/Users/prakashagrahari/Desktop/workspace/e-notes/server/utils.js": {"path":"/Users/prakashagrahari/Desktop/workspace/e-notes/server/utils.js","statementMap":{"0":{"start":{"line":3,"column":33},"end":{"line":6,"column":1}},"1":{"start":{"line":4,"column":2},"end":{"line":5,"column":56}},"2":{"start":{"line":5,"column":4},"end":{"line":5,"column":56}}},"fnMap":{"0":{"name":"(anonymous_0)","decl":{"start":{"line":3,"column":33},"end":{"line":3,"column":34}},"loc":{"start":{"line":3,"column":46},"end":{"line":6,"column":1}},"line":3}},"branchMap":{"0":{"loc":{"start":{"line":4,"column":2},"end":{"line":5,"column":56}},"type":"if","locations":[{"start":{"line":4,"column":2},"end":{"line":5,"column":56}},{"start":{},"end":{}}],"line":4}},"s":{"0":1,"1":6,"2":0},"f":{"0":6},"b":{"0":[0,6]},"inputSourceMap":null,"_coverageSchema":"1a1c01bbd47fc00a2c39e90264f33305004495a9","hash":"34764339c7173fd94fe4326451d8ad53ad9ad988"}
,"/Users/prakashagrahari/Desktop/workspace/e-notes/server/controllers/auth.js": {"path":"/Users/prakashagrahari/Desktop/workspace/e-notes/server/controllers/auth.js","statementMap":{"0":{"start":{"line":7,"column":22},"end":{"line":61,"column":1}},"1":{"start":{"line":11,"column":2},"end":{"line":60,"column":3}},"2":{"start":{"line":13,"column":25},"end":{"line":13,"column":54}},"3":{"start":{"line":15,"column":4},"end":{"line":19,"column":5}},"4":{"start":{"line":16,"column":6},"end":{"line":18,"column":66}},"5":{"start":{"line":22,"column":4},"end":{"line":24,"column":5}},"6":{"start":{"line":23,"column":6},"end":{"line":23,"column":73}},"7":{"start":{"line":27,"column":27},"end":{"line":27,"column":58}},"8":{"start":{"line":30,"column":20},"end":{"line":35,"column":6}},"9":{"start":{"line":37,"column":4},"end":{"line":37,"column":25}},"10":{"start":{"line":40,"column":18},"end":{"line":46,"column":5}},"11":{"start":{"line":48,"column":4},"end":{"line":56,"column":7}},"12":{"start":{"line":58,"column":4},"end":{"line":58,"column":49}},"13":{"start":{"line":59,"column":4},"end":{"line":59,"column":63}},"14":{"start":{"line":63,"column":21},"end":{"line":101,"column":1}},"15":{"start":{"line":64,"column":2},"end":{"line":100,"column":3}},"16":{"start":{"line":66,"column":17},"end":{"line":66,"column":46}},"17":{"start":{"line":68,"column":4},"end":{"line":70,"column":5}},"18":{"start":{"line":69,"column":6},"end":{"line":69,"column":70}},"19":{"start":{"line":73,"column":28},"end":{"line":73,"column":73}},"20":{"start":{"line":75,"column":4},"end":{"line":77,"column":5}},"21":{"start":{"line":76,"column":6},"end":{"line":76,"column":70}},"22":{"start":{"line":80,"column":18},"end":{"line":86,"column":5}},"23":{"start":{"line":88,"column":4},"end":{"line":96,"column":7}},"24":{"start":{"line":98,"column":4},"end":{"line":98,"column":48}},"25":{"start":{"line":99,"column":4},"end":{"line":99,"column":63}},"26":{"start":{"line":103,"column":22},"end":{"line":108,"column":1}},"27":{"start":{"line":107,"column":2},"end":{"line":107,"column":57}}},"fnMap":{"0":{"name":"(anonymous_0)","decl":{"start":{"line":7,"column":22},"end":{"line":7,"column":23}},"loc":{"start":{"line":10,"column":5},"end":{"line":61,"column":1}},"line":10},"1":{"name":"(anonymous_1)","decl":{"start":{"line":63,"column":21},"end":{"line":63,"column":22}},"loc":{"start":{"line":63,"column":67},"end":{"line":101,"column":1}},"line":63},"2":{"name":"(anonymous_2)","decl":{"start":{"line":103,"column":22},"end":{"line":103,"column":23}},"loc":{"start":{"line":103,"column":34},"end":{"line":108,"column":1}},"line":103}},"branchMap":{"0":{"loc":{"start":{"line":15,"column":4},"end":{"line":19,"column":5}},"type":"if","locations":[{"start":{"line":15,"column":4},"end":{"line":19,"column":5}},{"start":{},"end":{}}],"line":15},"1":{"loc":{"start":{"line":22,"column":4},"end":{"line":24,"column":5}},"type":"if","locations":[{"start":{"line":22,"column":4},"end":{"line":24,"column":5}},{"start":{},"end":{}}],"line":22},"2":{"loc":{"start":{"line":68,"column":4},"end":{"line":70,"column":5}},"type":"if","locations":[{"start":{"line":68,"column":4},"end":{"line":70,"column":5}},{"start":{},"end":{}}],"line":68},"3":{"loc":{"start":{"line":75,"column":4},"end":{"line":77,"column":5}},"type":"if","locations":[{"start":{"line":75,"column":4},"end":{"line":77,"column":5}},{"start":{},"end":{}}],"line":75}},"s":{"0":1,"1":0,"2":0,"3":0,"4":0,"5":0,"6":0,"7":0,"8":0,"9":0,"10":0,"11":0,"12":0,"13":0,"14":1,"15":1,"16":1,"17":1,"18":0,"19":1,"20":1,"21":0,"22":1,"23":1,"24":0,"25":0,"26":1,"27":0},"f":{"0":0,"1":1,"2":0},"b":{"0":[0,0],"1":[0,0],"2":[0,1],"3":[0,1]},"inputSourceMap":null,"_coverageSchema":"1a1c01bbd47fc00a2c39e90264f33305004495a9","hash":"768807e947cddb15a82507ff74e63b3a419d02f9"}
,"/Users/prakashagrahari/Desktop/workspace/e-notes/server/controllers/notes.js": {"path":"/Users/prakashagrahari/Desktop/workspace/e-notes/server/controllers/notes.js","statementMap":{"0":{"start":{"line":4,"column":24},"end":{"line":12,"column":1}},"1":{"start":{"line":5,"column":2},"end":{"line":11,"column":3}},"2":{"start":{"line":6,"column":19},"end":{"line":6,"column":31}},"3":{"start":{"line":7,"column":18},"end":{"line":7,"column":51}},"4":{"start":{"line":8,"column":4},"end":{"line":8,"column":32}},"5":{"start":{"line":10,"column":4},"end":{"line":10,"column":53}},"6":{"start":{"line":14,"column":28},"end":{"line":26,"column":1}},"7":{"start":{"line":15,"column":2},"end":{"line":15,"column":29}},"8":{"start":{"line":16,"column":2},"end":{"line":25,"column":3}},"9":{"start":{"line":17,"column":17},"end":{"line":17,"column":40}},"10":{"start":{"line":19,"column":4},"end":{"line":21,"column":5}},"11":{"start":{"line":20,"column":6},"end":{"line":20,"column":65}},"12":{"start":{"line":22,"column":4},"end":{"line":22,"column":31}},"13":{"start":{"line":24,"column":4},"end":{"line":24,"column":38}},"14":{"start":{"line":28,"column":27},"end":{"line":39,"column":1}},"15":{"start":{"line":29,"column":15},"end":{"line":29,"column":42}},"16":{"start":{"line":31,"column":18},"end":{"line":31,"column":32}},"17":{"start":{"line":33,"column":2},"end":{"line":38,"column":3}},"18":{"start":{"line":34,"column":4},"end":{"line":34,"column":25}},"19":{"start":{"line":35,"column":4},"end":{"line":35,"column":34}},"20":{"start":{"line":37,"column":4},"end":{"line":37,"column":53}},"21":{"start":{"line":41,"column":27},"end":{"line":45,"column":1}},"22":{"start":{"line":42,"column":2},"end":{"line":42,"column":29}},"23":{"start":{"line":43,"column":2},"end":{"line":43,"column":35}},"24":{"start":{"line":44,"column":2},"end":{"line":44,"column":55}},"25":{"start":{"line":47,"column":27},"end":{"line":57,"column":1}},"26":{"start":{"line":48,"column":22},"end":{"line":48,"column":28}},"27":{"start":{"line":49,"column":16},"end":{"line":49,"column":20}},"28":{"start":{"line":50,"column":2},"end":{"line":50,"column":30}},"29":{"start":{"line":51,"column":23},"end":{"line":55,"column":3}},"30":{"start":{"line":56,"column":2},"end":{"line":56,"column":25}},"31":{"start":{"line":59,"column":28},"end":{"line":79,"column":1}},"32":{"start":{"line":60,"column":22},"end":{"line":60,"column":28}},"33":{"start":{"line":61,"column":2},"end":{"line":61,"column":30}},"34":{"start":{"line":62,"column":2},"end":{"line":78,"column":3}},"35":{"start":{"line":63,"column":17},"end":{"line":63,"column":41}},"36":{"start":{"line":64,"column":4},"end":{"line":66,"column":5}},"37":{"start":{"line":65,"column":6},"end":{"line":65,"column":58}},"38":{"start":{"line":67,"column":24},"end":{"line":71,"column":5}},"39":{"start":{"line":72,"column":4},"end":{"line":74,"column":5}},"40":{"start":{"line":73,"column":6},"end":{"line":73,"column":59}},"41":{"start":{"line":75,"column":4},"end":{"line":75,"column":26}},"42":{"start":{"line":77,"column":4},"end":{"line":77,"column":72}},"43":{"start":{"line":81,"column":24},"end":{"line":112,"column":1}},"44":{"start":{"line":82,"column":2},"end":{"line":82,"column":29}},"45":{"start":{"line":83,"column":2},"end":{"line":111,"column":3}},"46":{"start":{"line":84,"column":17},"end":{"line":84,"column":40}},"47":{"start":{"line":85,"column":4},"end":{"line":85,"column":67}},"48":{"start":{"line":85,"column":15},"end":{"line":85,"column":67}},"49":{"start":{"line":88,"column":4},"end":{"line":108,"column":5}},"50":{"start":{"line":89,"column":26},"end":{"line":93,"column":7}},"51":{"start":{"line":94,"column":6},"end":{"line":94,"column":77}},"52":{"start":{"line":94,"column":24},"end":{"line":94,"column":77}},"53":{"start":{"line":95,"column":6},"end":{"line":95,"column":28}},"54":{"start":{"line":98,"column":6},"end":{"line":98,"column":69}},"55":{"start":{"line":101,"column":26},"end":{"line":105,"column":7}},"56":{"start":{"line":106,"column":6},"end":{"line":106,"column":77}},"57":{"start":{"line":106,"column":24},"end":{"line":106,"column":77}},"58":{"start":{"line":107,"column":6},"end":{"line":107,"column":28}},"59":{"start":{"line":110,"column":4},"end":{"line":110,"column":73}}},"fnMap":{"0":{"name":"(anonymous_0)","decl":{"start":{"line":4,"column":24},"end":{"line":4,"column":25}},"loc":{"start":{"line":4,"column":44},"end":{"line":12,"column":1}},"line":4},"1":{"name":"(anonymous_1)","decl":{"start":{"line":14,"column":28},"end":{"line":14,"column":29}},"loc":{"start":{"line":14,"column":63},"end":{"line":26,"column":1}},"line":14},"2":{"name":"(anonymous_2)","decl":{"start":{"line":28,"column":27},"end":{"line":28,"column":28}},"loc":{"start":{"line":28,"column":58},"end":{"line":39,"column":1}},"line":28},"3":{"name":"(anonymous_3)","decl":{"start":{"line":41,"column":27},"end":{"line":41,"column":28}},"loc":{"start":{"line":41,"column":62},"end":{"line":45,"column":1}},"line":41},"4":{"name":"(anonymous_4)","decl":{"start":{"line":47,"column":27},"end":{"line":47,"column":28}},"loc":{"start":{"line":47,"column":60},"end":{"line":57,"column":1}},"line":47},"5":{"name":"(anonymous_5)","decl":{"start":{"line":59,"column":28},"end":{"line":59,"column":29}},"loc":{"start":{"line":59,"column":55},"end":{"line":79,"column":1}},"line":59},"6":{"name":"(anonymous_6)","decl":{"start":{"line":81,"column":24},"end":{"line":81,"column":25}},"loc":{"start":{"line":81,"column":59},"end":{"line":112,"column":1}},"line":81}},"branchMap":{"0":{"loc":{"start":{"line":19,"column":4},"end":{"line":21,"column":5}},"type":"if","locations":[{"start":{"line":19,"column":4},"end":{"line":21,"column":5}},{"start":{},"end":{}}],"line":19},"1":{"loc":{"start":{"line":64,"column":4},"end":{"line":66,"column":5}},"type":"if","locations":[{"start":{"line":64,"column":4},"end":{"line":66,"column":5}},{"start":{},"end":{}}],"line":64},"2":{"loc":{"start":{"line":72,"column":4},"end":{"line":74,"column":5}},"type":"if","locations":[{"start":{"line":72,"column":4},"end":{"line":74,"column":5}},{"start":{},"end":{}}],"line":72},"3":{"loc":{"start":{"line":85,"column":4},"end":{"line":85,"column":67}},"type":"if","locations":[{"start":{"line":85,"column":4},"end":{"line":85,"column":67}},{"start":{},"end":{}}],"line":85},"4":{"loc":{"start":{"line":88,"column":4},"end":{"line":108,"column":5}},"type":"if","locations":[{"start":{"line":88,"column":4},"end":{"line":108,"column":5}},{"start":{"line":96,"column":11},"end":{"line":108,"column":5}}],"line":88},"5":{"loc":{"start":{"line":94,"column":6},"end":{"line":94,"column":77}},"type":"if","locations":[{"start":{"line":94,"column":6},"end":{"line":94,"column":77}},{"start":{},"end":{}}],"line":94},"6":{"loc":{"start":{"line":106,"column":6},"end":{"line":106,"column":77}},"type":"if","locations":[{"start":{"line":106,"column":6},"end":{"line":106,"column":77}},{"start":{},"end":{}}],"line":106}},"s":{"0":1,"1":1,"2":1,"3":1,"4":1,"5":0,"6":1,"7":2,"8":2,"9":2,"10":2,"11":1,"12":1,"13":0,"14":1,"15":10,"16":10,"17":10,"18":10,"19":10,"20":0,"21":1,"22":1,"23":1,"24":1,"25":1,"26":1,"27":1,"28":1,"29":1,"30":1,"31":1,"32":1,"33":1,"34":1,"35":1,"36":1,"37":0,"38":1,"39":1,"40":0,"41":1,"42":0,"43":1,"44":1,"45":1,"46":1,"47":1,"48":0,"49":1,"50":0,"51":0,"52":0,"53":0,"54":1,"55":1,"56":1,"57":0,"58":1,"59":0},"f":{"0":1,"1":2,"2":10,"3":1,"4":1,"5":1,"6":1},"b":{"0":[1,1],"1":[0,1],"2":[0,1],"3":[0,1],"4":[0,1],"5":[0,0],"6":[0,1]},"inputSourceMap":null,"_coverageSchema":"1a1c01bbd47fc00a2c39e90264f33305004495a9","hash":"2b014c8d358873ea238e92b8aabe11d53769d867"}
,"/Users/prakashagrahari/Desktop/workspace/e-notes/server/middleware/auth.js": {"path":"/Users/prakashagrahari/Desktop/workspace/e-notes/server/middleware/auth.js","statementMap":{"0":{"start":{"line":5,"column":30},"end":{"line":23,"column":1}},"1":{"start":{"line":6,"column":21},"end":{"line":6,"column":46}},"2":{"start":{"line":7,"column":2},"end":{"line":9,"column":3}},"3":{"start":{"line":8,"column":4},"end":{"line":8,"column":80}},"4":{"start":{"line":11,"column":16},"end":{"line":11,"column":40}},"5":{"start":{"line":12,"column":2},"end":{"line":14,"column":3}},"6":{"start":{"line":13,"column":4},"end":{"line":13,"column":80}},"7":{"start":{"line":16,"column":2},"end":{"line":22,"column":3}},"8":{"start":{"line":17,"column":20},"end":{"line":17,"column":61}},"9":{"start":{"line":18,"column":4},"end":{"line":18,"column":23}},"10":{"start":{"line":19,"column":4},"end":{"line":19,"column":11}},"11":{"start":{"line":21,"column":4},"end":{"line":21,"column":70}}},"fnMap":{"0":{"name":"(anonymous_0)","decl":{"start":{"line":5,"column":30},"end":{"line":5,"column":31}},"loc":{"start":{"line":5,"column":50},"end":{"line":23,"column":1}},"line":5}},"branchMap":{"0":{"loc":{"start":{"line":7,"column":2},"end":{"line":9,"column":3}},"type":"if","locations":[{"start":{"line":7,"column":2},"end":{"line":9,"column":3}},{"start":{},"end":{}}],"line":7},"1":{"loc":{"start":{"line":12,"column":2},"end":{"line":14,"column":3}},"type":"if","locations":[{"start":{"line":12,"column":2},"end":{"line":14,"column":3}},{"start":{},"end":{}}],"line":12}},"s":{"0":1,"1":35,"2":35,"3":1,"4":34,"5":34,"6":0,"7":34,"8":34,"9":34,"10":34,"11":0},"f":{"0":35},"b":{"0":[1,34],"1":[0,34]},"inputSourceMap":null,"_coverageSchema":"1a1c01bbd47fc00a2c39e90264f33305004495a9","hash":"eaf98ec70bb437bc7fa81fa00dbc20a9e6d8ab0c"}
,"/Users/prakashagrahari/Desktop/workspace/e-notes/server/models/notes.js": {"path":"/Users/prakashagrahari/Desktop/workspace/e-notes/server/models/notes.js","statementMap":{"0":{"start":{"line":3,"column":20},"end":{"line":32,"column":1}},"1":{"start":{"line":34,"column":20},"end":{"line":34,"column":46}}},"fnMap":{},"branchMap":{},"s":{"0":1,"1":1},"f":{},"b":{},"inputSourceMap":null,"_coverageSchema":"1a1c01bbd47fc00a2c39e90264f33305004495a9","hash":"8bc24d451740a7b39be0068d71eb97a9eb6cd6c1"}
,"/Users/prakashagrahari/Desktop/workspace/e-notes/server/models/user.js": {"path":"/Users/prakashagrahari/Desktop/workspace/e-notes/server/models/user.js","statementMap":{"0":{"start":{"line":3,"column":19},"end":{"line":21,"column":2}},"1":{"start":{"line":23,"column":13},"end":{"line":23,"column":47}}},"fnMap":{},"branchMap":{},"s":{"0":1,"1":1},"f":{},"b":{},"inputSourceMap":null,"_coverageSchema":"1a1c01bbd47fc00a2c39e90264f33305004495a9","hash":"f9e6e0bf78bacd031d7a022239bb362691027e23"}
,"/Users/prakashagrahari/Desktop/workspace/e-notes/server/routes/auth.js": {"path":"/Users/prakashagrahari/Desktop/workspace/e-notes/server/routes/auth.js","statementMap":{"0":{"start":{"line":6,"column":15},"end":{"line":6,"column":31}},"1":{"start":{"line":8,"column":15},"end":{"line":12,"column":1}},"2":{"start":{"line":14,"column":0},"end":{"line":14,"column":68}},"3":{"start":{"line":14,"column":37},"end":{"line":14,"column":66}}},"fnMap":{"0":{"name":"(anonymous_0)","decl":{"start":{"line":14,"column":11},"end":{"line":14,"column":12}},"loc":{"start":{"line":14,"column":37},"end":{"line":14,"column":66}},"line":14}},"branchMap":{},"s":{"0":1,"1":1,"2":1,"3":3},"f":{"0":3},"b":{},"inputSourceMap":null,"_coverageSchema":"1a1c01bbd47fc00a2c39e90264f33305004495a9","hash":"e4b11090571f7b44a3bf3359437f15ee318fb9d7"}
,"/Users/prakashagrahari/Desktop/workspace/e-notes/server/routes/notes.js": {"path":"/Users/prakashagrahari/Desktop/workspace/e-notes/server/routes/notes.js","statementMap":{"0":{"start":{"line":13,"column":15},"end":{"line":13,"column":31}},"1":{"start":{"line":15,"column":15},"end":{"line":23,"column":1}},"2":{"start":{"line":25,"column":0},"end":{"line":27,"column":2}},"3":{"start":{"line":26,"column":2},"end":{"line":26,"column":50}}},"fnMap":{"0":{"name":"(anonymous_0)","decl":{"start":{"line":25,"column":11},"end":{"line":25,"column":12}},"loc":{"start":{"line":26,"column":2},"end":{"line":26,"column":50}},"line":26}},"branchMap":{},"s":{"0":1,"1":1,"2":1,"3":7},"f":{"0":7},"b":{},"inputSourceMap":null,"_coverageSchema":"1a1c01bbd47fc00a2c39e90264f33305004495a9","hash":"dd125567e8d640d4f069ce6cc4b9ebe1d49d1fe4"}
}
