TN:
SF:index.js
FN:45,(anonymous_0)
FN:46,(anonymous_1)
FN:53,(anonymous_2)
FNF:3
FNH:1
FNDA:1,(anonymous_0)
FNDA:0,(anonymous_1)
FNDA:0,(anonymous_2)
DA:11,1
DA:12,1
DA:15,1
DA:27,1
DA:29,1
DA:30,1
DA:32,1
DA:33,1
DA:35,1
DA:37,1
DA:39,1
DA:45,1
DA:46,0
DA:50,1
DA:52,1
DA:53,0
DA:54,0
LF:17
LH:14
BRDA:35,0,0,1
BRDA:35,0,1,0
BRDA:52,1,0,0
BRDA:52,1,1,1
BRF:4
BRH:2
end_of_record
TN:
SF:utils.js
FN:3,(anonymous_0)
FNF:1
FNH:1
FNDA:6,(anonymous_0)
DA:3,1
DA:4,6
DA:5,0
LF:3
LH:2
BRDA:4,0,0,0
BRDA:4,0,1,6
BRF:2
BRH:1
end_of_record
TN:
SF:controllers/auth.js
FN:7,(anonymous_0)
FN:63,(anonymous_1)
FN:103,(anonymous_2)
FNF:3
FNH:1
FNDA:0,(anonymous_0)
FNDA:1,(anonymous_1)
FNDA:0,(anonymous_2)
DA:7,1
DA:11,0
DA:13,0
DA:15,0
DA:16,0
DA:22,0
DA:23,0
DA:27,0
DA:30,0
DA:37,0
DA:40,0
DA:48,0
DA:58,0
DA:59,0
DA:63,1
DA:64,1
DA:66,1
DA:68,1
DA:69,0
DA:73,1
DA:75,1
DA:76,0
DA:80,1
DA:88,1
DA:98,0
DA:99,0
DA:103,1
DA:107,0
LF:28
LH:10
BRDA:15,0,0,0
BRDA:15,0,1,0
BRDA:22,1,0,0
BRDA:22,1,1,0
BRDA:68,2,0,0
BRDA:68,2,1,1
BRDA:75,3,0,0
BRDA:75,3,1,1
BRF:8
BRH:2
end_of_record
TN:
SF:controllers/notes.js
FN:4,(anonymous_0)
FN:14,(anonymous_1)
FN:28,(anonymous_2)
FN:41,(anonymous_3)
FN:47,(anonymous_4)
FN:59,(anonymous_5)
FN:81,(anonymous_6)
FNF:7
FNH:7
FNDA:1,(anonymous_0)
FNDA:2,(anonymous_1)
FNDA:10,(anonymous_2)
FNDA:1,(anonymous_3)
FNDA:1,(anonymous_4)
FNDA:1,(anonymous_5)
FNDA:1,(anonymous_6)
DA:4,1
DA:5,1
DA:6,1
DA:7,1
DA:8,1
DA:10,0
DA:14,1
DA:15,2
DA:16,2
DA:17,2
DA:19,2
DA:20,1
DA:22,1
DA:24,0
DA:28,1
DA:29,10
DA:31,10
DA:33,10
DA:34,10
DA:35,10
DA:37,0
DA:41,1
DA:42,1
DA:43,1
DA:44,1
DA:47,1
DA:48,1
DA:49,1
DA:50,1
DA:51,1
DA:56,1
DA:59,1
DA:60,1
DA:61,1
DA:62,1
DA:63,1
DA:64,1
DA:65,0
DA:67,1
DA:72,1
DA:73,0
DA:75,1
DA:77,0
DA:81,1
DA:82,1
DA:83,1
DA:84,1
DA:85,1
DA:88,1
DA:89,0
DA:94,0
DA:95,0
DA:98,1
DA:101,1
DA:106,1
DA:107,1
DA:110,0
LF:57
LH:47
BRDA:19,0,0,1
BRDA:19,0,1,1
BRDA:64,1,0,0
BRDA:64,1,1,1
BRDA:72,2,0,0
BRDA:72,2,1,1
BRDA:85,3,0,0
BRDA:85,3,1,1
BRDA:88,4,0,0
BRDA:88,4,1,1
BRDA:94,5,0,0
BRDA:94,5,1,0
BRDA:106,6,0,0
BRDA:106,6,1,1
BRF:14
BRH:7
end_of_record
TN:
SF:middleware/auth.js
FN:5,(anonymous_0)
FNF:1
FNH:1
FNDA:35,(anonymous_0)
DA:5,1
DA:6,35
DA:7,35
DA:8,1
DA:11,34
DA:12,34
DA:13,0
DA:16,34
DA:17,34
DA:18,34
DA:19,34
DA:21,0
LF:12
LH:10
BRDA:7,0,0,1
BRDA:7,0,1,34
BRDA:12,1,0,0
BRDA:12,1,1,34
BRF:4
BRH:3
end_of_record
TN:
SF:models/notes.js
FNF:0
FNH:0
DA:3,1
DA:34,1
LF:2
LH:2
BRF:0
BRH:0
end_of_record
TN:
SF:models/user.js
FNF:0
FNH:0
DA:3,1
DA:23,1
LF:2
LH:2
BRF:0
BRH:0
end_of_record
TN:
SF:routes/auth.js
FN:14,(anonymous_0)
FNF:1
FNH:1
FNDA:3,(anonymous_0)
DA:6,1
DA:8,1
DA:14,3
LF:3
LH:3
BRF:0
BRH:0
end_of_record
TN:
SF:routes/notes.js
FN:25,(anonymous_0)
FNF:1
FNH:1
FNDA:7,(anonymous_0)
DA:13,1
DA:15,1
DA:25,1
DA:26,7
LF:4
LH:4
BRF:0
BRH:0
end_of_record
